<?xml version="1.0" encoding="UTF-8"?>
<!-- Generated by org.testng.reporters.JUnitXMLReporter -->
<testsuite ignored="0" hostname="DESKTOP-9F6M6IV" failures="0" tests="4" name="Default test" time="0.331" errors="0" timestamp="2023-12-26T15:14:12 IST">
  <testcase classname="TestNG_Attributes.TestPriority" name="MethodFour" time="0.038"/>
  <testcase classname="TestNG_Attributes.TestPriority" name="MethodThree" time="0.016"/>
  <testcase classname="TestNG_Attributes.TestPriority" name="MethodOne" time="0.018"/>
  <testcase classname="TestNG_Attributes.TestPriority" name="MethodTwo" time="0.006"/>
</testsuite> <!-- Default test -->
