<?xml version="1.0" encoding="UTF-8"?>
<!-- Generated by org.testng.reporters.JUnitXMLReporter -->
<testsuite ignored="1" hostname="DESKTOP-9F6M6IV" failures="0" tests="4" name="Test" time="0.296" errors="0" timestamp="2023-12-01T23:20:25 IST">
  <testcase classname="TestNG_Grouping.TestNgGroupsDemo" name="TestFour" time="0.031"/>
  <testcase classname="TestNG_Grouping.TestNgGroupsDemo" name="TestOne" time="0.008"/>
  <testcase classname="TestNG_Grouping.TestNgGroupsDemo" name="TestThree" time="0.009"/>
  <testcase classname="TestNG_Grouping.TestNgGroupsDemo" name="TestTwo" time="0.008"/>
  <testcase classname="TestNG_Grouping.TestNgGroupsDemo" name="TestFive" time="0.0">
    <ignored/>
  </testcase> <!-- TestFive -->
</testsuite> <!-- Test -->
